[2023-11-15 00:26:39,158] 23 root - INFO - Data ingestion Initiated
[2023-11-15 00:26:39,162] 29 root - INFO - Data Fetched
[2023-11-15 00:26:39,166] 35 root - INFO - Uploaded data to the artifacts folder
[2023-11-15 00:26:39,166] 36 root - INFO - Splitting the dataset
[2023-11-15 00:26:39,171] 43 root - INFO - Data Ingestion part completed
[2023-11-15 00:26:39,174] 63 root - INFO - read train and test data complete
[2023-11-15 00:26:39,186] 64 root - INFO - Train Dataframe Head : 
      A      B  C  D  E  F  G      H   I   J  K  L       M      N  O  target
0   300  160.0  g  t  0  f  t  0.835   v   w  p  y  11.625  23.33  b       1
1    27  100.0  g  t  0  f  t  0.000   j   j  g  u   1.500  49.00  a       0
2     0  178.0  g  t  0  f  f  0.000  bb   i  g  u  14.585  26.67  b       0
3    11  200.0  g  t  1  t  f  0.415   v   q  g  u   0.830  23.58  a       0
4  5200    NaN  g  f  0  f  f  0.000  ff  ff  g  u  11.250    NaN  a       0
[2023-11-15 00:26:39,198] 65 root - INFO - Valid Dataframe Head : 
      A      B  C  D  E  F  G       H   I   J  K  L       M      N  O  target
0     0    0.0  g  f  0  f  t  15.000  bb   c  g  u   0.000  41.33  b       1
1   560  370.0  g  t  3  t  t   2.000   v  aa  p  y   2.040  27.58  b       1
2  1583    0.0  g  f  4  t  t   0.750   v  aa  g  u   0.915  35.75  a       1
3     0  120.0  g  t  0  f  t   1.585   h   q  g  u  12.335  24.42  b       1
4  1000  120.0  g  t  2  t  t   1.750   v   w  p  y   4.000  13.75  b       1
[2023-11-15 00:26:39,198] 24 root - INFO - Starting data transform
[2023-11-15 00:26:39,198] 28 root - INFO - Initiating Pipeline
[2023-11-15 00:26:39,212] 79 root - INFO - Applying preprocessing object on training and testing datasets.
[2023-11-15 00:26:39,213] 89 root - INFO - [[-0.13127571 -0.14850698 -0.47600495 -0.4056394   1.39831999 -0.6886192
  -0.30392914  1.07529066  0.85146932 -0.98244077 -0.60851912 -1.56629463
   1.76431648  1.76431648 -0.65641113  1.        ]
 [-0.18171829 -0.48986231 -0.47600495 -0.66574813 -0.64668293  1.50199397
  -0.30392914  1.07529066  0.85146932 -0.98244077  2.21155829  1.8548895
  -0.55695584 -0.55695584  1.52343546  0.        ]
 [-0.18670711 -0.04610038 -0.47600495 -0.66574813  1.99616776 -0.40359201
  -0.30392914  1.07529066  0.85146932  1.01787306  0.80151959  0.80221746
  -0.55695584 -0.55695584 -0.65641113  0.        ]
 [-0.18467463  0.07906325 -0.27044231 -0.53647254 -0.78200658 -0.66728483
  -0.30392914  1.07529066 -1.17444044  1.01787306 -0.60851912 -1.30312662
  -0.55695584 -0.55695584  1.52343546  0.        ]
 [ 0.77410379 -0.14850698 -0.47600495 -0.66574813  1.32257914 -0.2546781
  -0.30392914 -0.92998111  0.85146932  1.01787306  1.50653894  1.59172149
  -0.55695584 -0.55695584  1.52343546  0.        ]]
[2023-11-15 00:26:39,214] 90 root - INFO - [[-1.86707111e-01 -1.05878787e+00 -4.76004949e-01  4.00686382e+00
  -9.49646327e-01  8.47455479e-01 -3.03929136e-01 -9.29981110e-01
   8.51469318e-01 -9.82440773e-01  8.01519586e-01  1.27134304e-02
  -5.56955837e-01 -5.56955837e-01 -6.56411133e-01  1.00000000e+00]
 [-8.32351684e-02  1.04623669e+00  1.40682965e-01 -4.27332058e-02
  -5.37616108e-01 -3.25934901e-01 -3.03929136e-01  1.07529066e+00
  -1.17444044e+00 -9.82440773e-01 -6.08519119e-01  1.32855348e+00
   1.76431648e+00  1.76431648e+00 -6.56411133e-01  1.00000000e+00]
 [ 1.05785899e-01 -1.05878787e+00  3.46245603e-01 -4.32117535e-01
  -7.64838655e-01  3.71272328e-01 -3.03929136e-01 -9.29981110e-01
  -1.17444044e+00 -9.82440773e-01 -6.08519119e-01  1.32855348e+00
  -5.56955837e-01 -5.56955837e-01  1.52343546e+00  1.00000000e+00]
 [-1.86707111e-01 -3.76077200e-01 -4.76004949e-01 -1.72008803e-01
   1.54172267e+00 -5.95601345e-01 -3.03929136e-01  1.07529066e+00
   8.51469318e-01 -9.82440773e-01  9.65002335e-02 -1.30312662e+00
  -5.56955837e-01 -5.56955837e-01 -6.56411133e-01  1.00000000e+00]
 [-1.93578462e-03 -3.76077200e-01 -6.48796732e-02 -1.20610072e-01
  -1.41743937e-01 -1.50615228e+00 -3.03929136e-01  1.07529066e+00
  -1.17444044e+00 -9.82440773e-01 -6.08519119e-01 -1.56629463e+00
   1.76431648e+00  1.76431648e+00 -6.56411133e-01  1.00000000e+00]]
[2023-11-15 00:26:39,215] 24 root - INFO - Splitting dataset into independent and dependent features
[2023-11-15 00:26:39,243] 35 root - INFO - Model Report : {'LogisticRegression': 0.8985507246376812, 'KNN': 0.8695652173913043, 'SVM': 0.8405797101449275}
[2023-11-15 00:26:39,244] 40 root - INFO - Best Model Found , Model Name : LogisticRegression , Accuracy Score : 0.8985507246376812
